Using pre-set license
Built from '2021.1/release' branch; Version is '2021.1.1f1 (6fdc41dfa55a) revision 7330881'; Using compiler version '192528614'; Build Type 'Release'
OS: 'Windows 10 Home; OS build 19043.1288; Version 2009; 64bit' Language: 'en' Physical Memory: 32727 MB
BatchMode: 1, IsHumanControllingUs: 0, StartBugReporterOnCrash: 0, Is64bit: 1, IsPro: 0

 COMMAND LINE ARGUMENTS:
D:\Program Files\Unity\Hub\Editor\2021.1.1f1\Editor\Unity.exe
-adb2
-batchMode
-noUpm
-name
AssetImportWorker0
-projectPath
D:/Github/Ovivore
-logFile
Logs/AssetImportWorker0.log
-srvPort
55649
Successfully changed project path to: D:/Github/Ovivore
D:/Github/Ovivore
Using Asset Import Pipeline V2.
Refreshing native plugins compatible for Editor in 86.77 ms, found 2 plugins.
Preloading 0 native plugins for Editor in 0.00 ms.
Initialize engine version: 2021.1.1f1 (6fdc41dfa55a)
[Subsystems] Discovering subsystems at path D:/Program Files/Unity/Hub/Editor/2021.1.1f1/Editor/Data/Resources/UnitySubsystems
[Subsystems] Discovering subsystems at path D:/Github/Ovivore/Assets
GfxDevice: creating device client; threaded=0; jobified=0
Direct3D:
    Version:  Direct3D 11.0 [level 11.1]
    Renderer: NVIDIA GeForce GTX 1080 (ID=0x1b80)
    Vendor:   NVIDIA
    VRAM:     8079 MB
    Driver:   27.21.14.6589
Initialize mono
Mono path[0] = 'D:/Program Files/Unity/Hub/Editor/2021.1.1f1/Editor/Data/Managed'
Mono path[1] = 'D:/Program Files/Unity/Hub/Editor/2021.1.1f1/Editor/Data/MonoBleedingEdge/lib/mono/unityjit'
Mono config path = 'D:/Program Files/Unity/Hub/Editor/2021.1.1f1/Editor/Data/MonoBleedingEdge/etc'
Using monoOptions --debugger-agent=transport=dt_socket,embedding=1,server=y,suspend=n,address=127.0.0.1:56752
Begin MonoManager ReloadAssembly
Registering precompiled unity dll's ...
Register platform support module: D:/Program Files/Unity/Hub/Editor/2021.1.1f1/Editor/Data/PlaybackEngines/WindowsStandaloneSupport/UnityEditor.WindowsStandalone.Extensions.dll
Registered in 0.001966 seconds.
Native extension for WindowsStandalone target not found
Refreshing native plugins compatible for Editor in 89.93 ms, found 2 plugins.
Preloading 0 native plugins for Editor in 0.00 ms.
Mono: successfully reloaded assembly
- Completed reload, in  1.552 seconds
Platform modules already initialized, skipping
Registering precompiled user dll's ...
Registered in 0.008093 seconds.
Begin MonoManager ReloadAssembly
Native extension for WindowsStandalone target not found
Refreshing native plugins compatible for Editor in 84.96 ms, found 2 plugins.
Preloading 0 native plugins for Editor in 0.00 ms.
Mono: successfully reloaded assembly
- Completed reload, in  1.164 seconds
Platform modules already initialized, skipping
========================================================================
Worker process is ready to serve import requests
Launched and connected shader compiler UnityShaderCompiler.exe after 0.06 seconds
Refreshing native plugins compatible for Editor in 0.70 ms, found 2 plugins.
Preloading 0 native plugins for Editor in 0.00 ms.
Unloading 3366 Unused Serialized files (Serialized files now loaded: 0)
System memory in use before: 127.6 MB.
System memory in use after: 127.7 MB.

Unloading 29 unused Assets to reduce memory usage. Loaded Objects now: 3818.
Total: 2.248000 ms (FindLiveObjects: 0.259000 ms CreateObjectMapping: 0.156500 ms MarkObjects: 1.722900 ms  DeleteObjects: 0.108400 ms)

========================================================================
Received Import Request.
  path: Assets/Scenes
  artifactKey: Guid(453451c90db97044f8c64509b5282bbf) Importer(815301076,1909f56bfc062723c751e8b465ee728b)
Start importing Assets/Scenes using Guid(453451c90db97044f8c64509b5282bbf) Importer(815301076,1909f56bfc062723c751e8b465ee728b)  -> (artifact id: '746f11b8afed59a4e0b617836baa03d6') in 0.008595 seconds 
========================================================================
Received Import Request.
  Time since last request: 31.159951 seconds.
  path: Assets/Scenes/Gameplay Prototype.unity
  artifactKey: Guid(2cd119b78325c204ebd81b24cd1622ed) Importer(815301076,1909f56bfc062723c751e8b465ee728b)
Start importing Assets/Scenes/Gameplay Prototype.unity using Guid(2cd119b78325c204ebd81b24cd1622ed) Importer(815301076,1909f56bfc062723c751e8b465ee728b)  -> (artifact id: '825f31116ea722e7d567e180b53d33d3') in 0.013451 seconds 
========================================================================
Received Import Request.
  Time since last request: 212.915210 seconds.
  path: Assets
  artifactKey: Guid(00000000000000001000000000000000) Importer(815301076,1909f56bfc062723c751e8b465ee728b)
Start importing Assets using Guid(00000000000000001000000000000000) Importer(815301076,1909f56bfc062723c751e8b465ee728b)  -> (artifact id: '98ffa0a5e8f73f3457f64fc720c11ab1') in 0.006215 seconds 
========================================================================
Received Import Request.
  Time since last request: 14.547543 seconds.
  path: Assets/Sprites
  artifactKey: Guid(431f7097bc22ad24ea7e2833e1e93640) Importer(815301076,1909f56bfc062723c751e8b465ee728b)
Start importing Assets/Sprites using Guid(431f7097bc22ad24ea7e2833e1e93640) Importer(815301076,1909f56bfc062723c751e8b465ee728b)  -> (artifact id: '347cb0d053d4732e74d30a9fd69bc37c') in 0.007473 seconds 
========================================================================
Received Import Request.
  Time since last request: 215.531755 seconds.
  path: Assets/Sprites/dino-run.png
  artifactKey: Guid(3e71241a802534343b7db3c46e90958c) Importer(815301076,1909f56bfc062723c751e8b465ee728b)
Start importing Assets/Sprites/dino-run.png using Guid(3e71241a802534343b7db3c46e90958c) Importer(815301076,1909f56bfc062723c751e8b465ee728b)  -> (artifact id: '60fb0806e8dec172920b51af2917ba96') in 0.190091 seconds 
========================================================================
Received Import Request.
  Time since last request: 282.547135 seconds.
  path: Assets/Sprites/dino-run.png
  artifactKey: Guid(3e71241a802534343b7db3c46e90958c) Importer(815301076,1909f56bfc062723c751e8b465ee728b)
Start importing Assets/Sprites/dino-run.png using Guid(3e71241a802534343b7db3c46e90958c) Importer(815301076,1909f56bfc062723c751e8b465ee728b)  -> (artifact id: '02667bf160fae8605944988ad795a022') in 0.013692 seconds 
========================================================================
Received Import Request.
  Time since last request: 113.922337 seconds.
  path: Assets/Sprites/dino-run.png
  artifactKey: Guid(3e71241a802534343b7db3c46e90958c) Importer(815301076,1909f56bfc062723c751e8b465ee728b)
Start importing Assets/Sprites/dino-run.png using Guid(3e71241a802534343b7db3c46e90958c) Importer(815301076,1909f56bfc062723c751e8b465ee728b)  -> (artifact id: '289f6cc828f8808cb8d578fe934fa99f') in 0.022395 seconds 
