Using pre-set license
Built from '2021.1/release' branch; Version is '2021.1.1f1 (6fdc41dfa55a) revision 7330881'; Using compiler version '192528614'; Build Type 'Release'
OS: 'Windows 10 Home; OS build 19043.1348; Version 2009; 64bit' Language: 'en' Physical Memory: 32727 MB
BatchMode: 1, IsHumanControllingUs: 0, StartBugReporterOnCrash: 0, Is64bit: 1, IsPro: 0

 COMMAND LINE ARGUMENTS:
D:\Program Files\Unity\Hub\Editor\2021.1.1f1\Editor\Unity.exe
-adb2
-batchMode
-noUpm
-name
AssetImportWorker0
-projectPath
D:/Github/Ovivore
-logFile
Logs/AssetImportWorker0.log
-srvPort
60588
Successfully changed project path to: D:/Github/Ovivore
D:/Github/Ovivore
Using Asset Import Pipeline V2.
Refreshing native plugins compatible for Editor in 88.74 ms, found 2 plugins.
Preloading 0 native plugins for Editor in 0.00 ms.
Initialize engine version: 2021.1.1f1 (6fdc41dfa55a)
[Subsystems] Discovering subsystems at path D:/Program Files/Unity/Hub/Editor/2021.1.1f1/Editor/Data/Resources/UnitySubsystems
[Subsystems] Discovering subsystems at path D:/Github/Ovivore/Assets
GfxDevice: creating device client; threaded=0; jobified=0
Direct3D:
    Version:  Direct3D 11.0 [level 11.1]
    Renderer: NVIDIA GeForce GTX 1080 (ID=0x1b80)
    Vendor:   NVIDIA
    VRAM:     8079 MB
    Driver:   27.21.14.6589
Initialize mono
Mono path[0] = 'D:/Program Files/Unity/Hub/Editor/2021.1.1f1/Editor/Data/Managed'
Mono path[1] = 'D:/Program Files/Unity/Hub/Editor/2021.1.1f1/Editor/Data/MonoBleedingEdge/lib/mono/unityjit'
Mono config path = 'D:/Program Files/Unity/Hub/Editor/2021.1.1f1/Editor/Data/MonoBleedingEdge/etc'
Using monoOptions --debugger-agent=transport=dt_socket,embedding=1,server=y,suspend=n,address=127.0.0.1:56348
Begin MonoManager ReloadAssembly
Registering precompiled unity dll's ...
Register platform support module: D:/Program Files/Unity/Hub/Editor/2021.1.1f1/Editor/Data/PlaybackEngines/WebGLSupport/UnityEditor.WebGL.Extensions.dll
Register platform support module: D:/Program Files/Unity/Hub/Editor/2021.1.1f1/Editor/Data/PlaybackEngines/WindowsStandaloneSupport/UnityEditor.WindowsStandalone.Extensions.dll
Registered in 0.001832 seconds.
Native extension for WindowsStandalone target not found
Native extension for WebGL target not found
Refreshing native plugins compatible for Editor in 87.38 ms, found 2 plugins.
Preloading 0 native plugins for Editor in 0.00 ms.
Mono: successfully reloaded assembly
- Completed reload, in  1.581 seconds
Platform modules already initialized, skipping
Registering precompiled user dll's ...
Registered in 0.006140 seconds.
Begin MonoManager ReloadAssembly
Native extension for WindowsStandalone target not found
Native extension for WebGL target not found
Refreshing native plugins compatible for Editor in 98.31 ms, found 2 plugins.
Preloading 0 native plugins for Editor in 0.00 ms.
Mono: successfully reloaded assembly
- Completed reload, in  1.572 seconds
Platform modules already initialized, skipping
========================================================================
Worker process is ready to serve import requests
Launched and connected shader compiler UnityShaderCompiler.exe after 0.09 seconds
Refreshing native plugins compatible for Editor in 0.92 ms, found 2 plugins.
Preloading 0 native plugins for Editor in 0.00 ms.
Unloading 3369 Unused Serialized files (Serialized files now loaded: 0)
System memory in use before: 127.8 MB.
System memory in use after: 127.8 MB.

Unloading 29 unused Assets to reduce memory usage. Loaded Objects now: 3821.
Total: 5.138100 ms (FindLiveObjects: 0.463900 ms CreateObjectMapping: 0.403800 ms MarkObjects: 4.068200 ms  DeleteObjects: 0.200200 ms)

========================================================================
Received Import Request.
  path: Assets/Scripts/RockSpawner.cs
  artifactKey: Guid(c8ff09d111e7a684896abd7afe68f45a) Importer(815301076,1909f56bfc062723c751e8b465ee728b)
Start importing Assets/Scripts/RockSpawner.cs using Guid(c8ff09d111e7a684896abd7afe68f45a) Importer(815301076,1909f56bfc062723c751e8b465ee728b)  -> (artifact id: '09dbb5eb71620ddbea628cce0d656243') in 0.143046 seconds 
========================================================================
Received Prepare
Registering precompiled user dll's ...
Registered in 0.004391 seconds.
Begin MonoManager ReloadAssembly
Native extension for WindowsStandalone target not found
Native extension for WebGL target not found
Refreshing native plugins compatible for Editor in 0.62 ms, found 2 plugins.
Preloading 0 native plugins for Editor in 0.00 ms.
Mono: successfully reloaded assembly
- Completed reload, in  0.922 seconds
Platform modules already initialized, skipping
Refreshing native plugins compatible for Editor in 0.59 ms, found 2 plugins.
Preloading 0 native plugins for Editor in 0.00 ms.
Unloading 3364 Unused Serialized files (Serialized files now loaded: 0)
System memory in use before: 127.8 MB.
System memory in use after: 127.9 MB.

Unloading 17 unused Assets to reduce memory usage. Loaded Objects now: 3825.
Total: 2.440400 ms (FindLiveObjects: 0.364600 ms CreateObjectMapping: 0.197700 ms MarkObjects: 1.784800 ms  DeleteObjects: 0.091900 ms)

========================================================================
Received Prepare
Registering precompiled user dll's ...
Registered in 0.004742 seconds.
Begin MonoManager ReloadAssembly
Native extension for WindowsStandalone target not found
Native extension for WebGL target not found
Refreshing native plugins compatible for Editor in 1.17 ms, found 2 plugins.
Preloading 0 native plugins for Editor in 0.00 ms.
Mono: successfully reloaded assembly
- Completed reload, in  1.022 seconds
Platform modules already initialized, skipping
Refreshing native plugins compatible for Editor in 0.61 ms, found 2 plugins.
Preloading 0 native plugins for Editor in 0.00 ms.
Unloading 3364 Unused Serialized files (Serialized files now loaded: 0)
System memory in use before: 127.8 MB.
System memory in use after: 127.9 MB.

Unloading 17 unused Assets to reduce memory usage. Loaded Objects now: 3829.
Total: 2.476700 ms (FindLiveObjects: 0.316000 ms CreateObjectMapping: 0.218500 ms MarkObjects: 1.852200 ms  DeleteObjects: 0.089100 ms)

========================================================================
Received Import Request.
  Time since last request: 259.283839 seconds.
  path: Assets/Scripts/RockSpawner.cs
  artifactKey: Guid(c8ff09d111e7a684896abd7afe68f45a) Importer(815301076,1909f56bfc062723c751e8b465ee728b)
Start importing Assets/Scripts/RockSpawner.cs using Guid(c8ff09d111e7a684896abd7afe68f45a) Importer(815301076,1909f56bfc062723c751e8b465ee728b)  -> (artifact id: '19c472176a0ec8ef7b7c60837d3ac5a7') in 0.006979 seconds 
========================================================================
Received Prepare
Registering precompiled user dll's ...
Registered in 0.004467 seconds.
Begin MonoManager ReloadAssembly
Native extension for WindowsStandalone target not found
Native extension for WebGL target not found
Refreshing native plugins compatible for Editor in 0.64 ms, found 2 plugins.
Preloading 0 native plugins for Editor in 0.00 ms.
Mono: successfully reloaded assembly
- Completed reload, in  0.947 seconds
Platform modules already initialized, skipping
Refreshing native plugins compatible for Editor in 0.63 ms, found 2 plugins.
Preloading 0 native plugins for Editor in 0.00 ms.
Unloading 3364 Unused Serialized files (Serialized files now loaded: 0)
System memory in use before: 127.9 MB.
System memory in use after: 128.0 MB.

Unloading 17 unused Assets to reduce memory usage. Loaded Objects now: 3833.
Total: 2.652600 ms (FindLiveObjects: 0.269700 ms CreateObjectMapping: 0.197300 ms MarkObjects: 2.087100 ms  DeleteObjects: 0.096800 ms)

========================================================================
Received Import Request.
  Time since last request: 2264.732233 seconds.
  path: Assets/Sprites/dino-run-left.png
  artifactKey: Guid(c732d79c809b67547a8f6e9465e1d772) Importer(815301076,1909f56bfc062723c751e8b465ee728b)
Start importing Assets/Sprites/dino-run-left.png using Guid(c732d79c809b67547a8f6e9465e1d772) Importer(815301076,1909f56bfc062723c751e8b465ee728b)  -> (artifact id: 'b1a8bf5ff090fb5d0e3664901e54a2b1') in 0.204204 seconds 
========================================================================
Received Import Request.
  Time since last request: 0.000255 seconds.
  path: Assets/Sprites/dino-run-right.png
  artifactKey: Guid(3e71241a802534343b7db3c46e90958c) Importer(815301076,1909f56bfc062723c751e8b465ee728b)
Start importing Assets/Sprites/dino-run-right.png using Guid(3e71241a802534343b7db3c46e90958c) Importer(815301076,1909f56bfc062723c751e8b465ee728b)  -> (artifact id: 'c397f6d800196775211d3caac8968482') in 0.029198 seconds 
========================================================================
Received Import Request.
  Time since last request: 6.244936 seconds.
  path: Assets/Sprites/Rock.png
  artifactKey: Guid(df3e50c4089cd4343883dc22c998f057) Importer(815301076,1909f56bfc062723c751e8b465ee728b)
Start importing Assets/Sprites/Rock.png using Guid(df3e50c4089cd4343883dc22c998f057) Importer(815301076,1909f56bfc062723c751e8b465ee728b)  -> (artifact id: '8a71d62459432531c0b03c6afe4af06d') in 0.029305 seconds 
========================================================================
Received Import Request.
  Time since last request: 256.116520 seconds.
  path: Assets/Scripts/FoodSttMach.cs
  artifactKey: Guid(9de27b60c3b073640a0c9d98348bb535) Importer(815301076,1909f56bfc062723c751e8b465ee728b)
Start importing Assets/Scripts/FoodSttMach.cs using Guid(9de27b60c3b073640a0c9d98348bb535) Importer(815301076,1909f56bfc062723c751e8b465ee728b)  -> (artifact id: 'd197a5cb5f9ecbf3b2d2f5adcb8ec7ba') in 0.008623 seconds 
========================================================================
Received Prepare
Registering precompiled user dll's ...
Registered in 0.005597 seconds.
Begin MonoManager ReloadAssembly
Native extension for WindowsStandalone target not found
Native extension for WebGL target not found
Refreshing native plugins compatible for Editor in 0.57 ms, found 2 plugins.
Preloading 0 native plugins for Editor in 0.00 ms.
Mono: successfully reloaded assembly
- Completed reload, in  0.901 seconds
Platform modules already initialized, skipping
Refreshing native plugins compatible for Editor in 0.79 ms, found 2 plugins.
Preloading 0 native plugins for Editor in 0.00 ms.
Unloading 3368 Unused Serialized files (Serialized files now loaded: 0)
System memory in use before: 133.1 MB.
System memory in use after: 133.2 MB.

Unloading 17 unused Assets to reduce memory usage. Loaded Objects now: 3892.
Total: 4.333300 ms (FindLiveObjects: 0.568000 ms CreateObjectMapping: 0.370700 ms MarkObjects: 3.228200 ms  DeleteObjects: 0.164500 ms)

========================================================================
Received Prepare
Registering precompiled user dll's ...
Registered in 0.005833 seconds.
Begin MonoManager ReloadAssembly
Native extension for WindowsStandalone target not found
Native extension for WebGL target not found
Refreshing native plugins compatible for Editor in 0.94 ms, found 2 plugins.
Preloading 0 native plugins for Editor in 0.00 ms.
Mono: successfully reloaded assembly
- Completed reload, in  0.888 seconds
Platform modules already initialized, skipping
Refreshing native plugins compatible for Editor in 0.62 ms, found 2 plugins.
Preloading 0 native plugins for Editor in 0.00 ms.
Unloading 3365 Unused Serialized files (Serialized files now loaded: 0)
System memory in use before: 133.0 MB.
System memory in use after: 133.1 MB.

Unloading 17 unused Assets to reduce memory usage. Loaded Objects now: 3896.
Total: 3.029400 ms (FindLiveObjects: 0.284000 ms CreateObjectMapping: 0.175500 ms MarkObjects: 2.445200 ms  DeleteObjects: 0.123500 ms)

========================================================================
Received Import Request.
  Time since last request: 275.118560 seconds.
  path: Assets/Scripts/PlayerCameraMovement.cs
  artifactKey: Guid(8bbebb63b59bb1f449ddb005de943c29) Importer(815301076,1909f56bfc062723c751e8b465ee728b)
Start importing Assets/Scripts/PlayerCameraMovement.cs using Guid(8bbebb63b59bb1f449ddb005de943c29) Importer(815301076,1909f56bfc062723c751e8b465ee728b)  -> (artifact id: 'f922ee297709be854f82c6bf2f5d216f') in 0.009483 seconds 
========================================================================
Received Import Request.
  Time since last request: 37.163535 seconds.
  path: Assets/Scripts/FoodMovement.cs
  artifactKey: Guid(0267879c563426f4ea86c0cba9f0e9a3) Importer(815301076,1909f56bfc062723c751e8b465ee728b)
Start importing Assets/Scripts/FoodMovement.cs using Guid(0267879c563426f4ea86c0cba9f0e9a3) Importer(815301076,1909f56bfc062723c751e8b465ee728b)  -> (artifact id: '5fff65e7ffe95d1de49881225f7398a8') in 0.006710 seconds 
========================================================================
Received Prepare
Registering precompiled user dll's ...
Registered in 0.004249 seconds.
Begin MonoManager ReloadAssembly
Native extension for WindowsStandalone target not found
Native extension for WebGL target not found
Refreshing native plugins compatible for Editor in 0.63 ms, found 2 plugins.
Preloading 0 native plugins for Editor in 0.00 ms.
Mono: successfully reloaded assembly
- Completed reload, in  1.008 seconds
Platform modules already initialized, skipping
Refreshing native plugins compatible for Editor in 1.09 ms, found 2 plugins.
Preloading 0 native plugins for Editor in 0.00 ms.
Unloading 3366 Unused Serialized files (Serialized files now loaded: 0)
System memory in use before: 133.0 MB.
System memory in use after: 133.1 MB.

Unloading 17 unused Assets to reduce memory usage. Loaded Objects now: 3901.
Total: 4.389700 ms (FindLiveObjects: 0.369300 ms CreateObjectMapping: 0.203700 ms MarkObjects: 3.319100 ms  DeleteObjects: 0.495400 ms)

========================================================================
Received Prepare
Registering precompiled user dll's ...
Registered in 0.004667 seconds.
Begin MonoManager ReloadAssembly
Native extension for WindowsStandalone target not found
Native extension for WebGL target not found
Refreshing native plugins compatible for Editor in 0.63 ms, found 2 plugins.
Preloading 0 native plugins for Editor in 0.00 ms.
Mono: successfully reloaded assembly
- Completed reload, in  0.903 seconds
Platform modules already initialized, skipping
Refreshing native plugins compatible for Editor in 0.58 ms, found 2 plugins.
Preloading 0 native plugins for Editor in 0.00 ms.
Unloading 3366 Unused Serialized files (Serialized files now loaded: 0)
System memory in use before: 133.1 MB.
System memory in use after: 133.2 MB.

Unloading 17 unused Assets to reduce memory usage. Loaded Objects now: 3905.
Total: 2.811500 ms (FindLiveObjects: 0.392100 ms CreateObjectMapping: 0.240900 ms MarkObjects: 2.067000 ms  DeleteObjects: 0.110200 ms)

